# JRE version: Java(TM) SE Runtime Environment (7.0_65-b17) (build 1.7.0_65-b17)
# Java VM: Java HotSpot(TM) 64-Bit Server VM (24.65-b04 mixed mode bsd-amd64 compressed oops)
Heap
 PSYoungGen      total 247808K, used 170390K [0x00000007eaa80000, 0x0000000800000000, 0x0000000800000000)
  eden space 192000K, 88% used [0x00000007eaa80000,0x00000007f50e58f0,0x00000007f6600000)
  from space 55808K, 0% used [0x00000007f6600000,0x00000007f6600000,0x00000007f9c80000)
  to   space 80896K, 0% used [0x00000007fb100000,0x00000007fb100000,0x0000000800000000)
 ParOldGen       total 264192K, used 148881K [0x00000007c0000000, 0x00000007d0200000, 0x00000007eaa80000)
  object space 264192K, 56% used [0x00000007c0000000,0x00000007c9164708,0x00000007d0200000)
 PSPermGen       total 245248K, used 207505K [0x00000007b0000000, 0x00000007bef80000, 0x00000007c0000000)
  object space 245248K, 84% used [0x00000007b0000000,0x00000007bcaa4508,0x00000007bef80000)
GC Heap History (10 events):
Event: 2667.289 GC heap before
{Heap before GC invocations=38 (full 8):
 PSYoungGen      total 292352K, used 276773K [0x00000007eaa80000, 0x0000000800000000, 0x0000000800000000)
  eden space 239104K, 100% used [0x00000007eaa80000,0x00000007f9400000,0x00000007f9400000)
  from space 53248K, 70% used [0x00000007f9400000,0x00000007fb8c95f8,0x00000007fc800000)
  to   space 53760K, 0% used [0x00000007fcb80000,0x00000007fcb80000,0x0000000800000000)
 ParOldGen       total 264192K, used 84221K [0x00000007c0000000, 0x00000007d0200000, 0x00000007eaa80000)
  object space 264192K, 31% used [0x00000007c0000000,0x00000007c523f758,0x00000007d0200000)
 PSPermGen       total 207872K, used 188643K [0x00000007b0000000, 0x00000007bcb00000, 0x00000007c0000000)
  object space 207872K, 90% used [0x00000007b0000000,0x00000007bb838f80,0x00000007bcb00000)
Event: 2667.378 GC heap after
Heap after GC invocations=38 (full 8):
 PSYoungGen      total 287744K, used 48366K [0x00000007eaa80000, 0x0000000800000000, 0x0000000800000000)
  eden space 233984K, 0% used [0x00000007eaa80000,0x00000007eaa80000,0x00000007f8f00000)
  from space 53760K, 89% used [0x00000007fcb80000,0x00000007ffabb878,0x0000000800000000)
  to   space 57856K, 0% used [0x00000007f8f00000,0x00000007f8f00000,0x00000007fc780000)
 ParOldGen       total 264192K, used 84221K [0x00000007c0000000, 0x00000007d0200000, 0x00000007eaa80000)
  object space 264192K, 31% used [0x00000007c0000000,0x00000007c523f758,0x00000007d0200000)
 PSPermGen       total 207872K, used 188643K [0x00000007b0000000, 0x00000007bcb00000, 0x00000007c0000000)
  object space 207872K, 90% used [0x00000007b0000000,0x00000007bb838f80,0x00000007bcb00000)
}
Event: 2679.139 GC heap before
{Heap before GC invocations=39 (full 8):
 PSYoungGen      total 287744K, used 282350K [0x00000007eaa80000, 0x0000000800000000, 0x0000000800000000)
  eden space 233984K, 100% used [0x00000007eaa80000,0x00000007f8f00000,0x00000007f8f00000)
  from space 53760K, 89% used [0x00000007fcb80000,0x00000007ffabb878,0x0000000800000000)
  to   space 57856K, 0% used [0x00000007f8f00000,0x00000007f8f00000,0x00000007fc780000)
 ParOldGen       total 264192K, used 84221K [0x00000007c0000000, 0x00000007d0200000, 0x00000007eaa80000)
  object space 264192K, 31% used [0x00000007c0000000,0x00000007c523f758,0x00000007d0200000)
 PSPermGen       total 207872K, used 195324K [0x00000007b0000000, 0x00000007bcb00000, 0x00000007c0000000)
  object space 207872K, 93% used [0x00000007b0000000,0x00000007bbebf2f8,0x00000007bcb00000)
Event: 2679.242 GC heap after
Heap after GC invocations=39 (full 8):
 PSYoungGen      total 291840K, used 57833K [0x00000007eaa80000, 0x0000000800000000, 0x0000000800000000)
  eden space 233984K, 0% used [0x00000007eaa80000,0x00000007eaa80000,0x00000007f8f00000)
  from space 57856K, 99% used [0x00000007f8f00000,0x00000007fc77a5a0,0x00000007fc780000)
  to   space 57856K, 0% used [0x00000007fc780000,0x00000007fc780000,0x0000000800000000)
 ParOldGen       total 264192K, used 86452K [0x00000007c0000000, 0x00000007d0200000, 0x00000007eaa80000)
  object space 264192K, 32% used [0x00000007c0000000,0x00000007c546d3a8,0x00000007d0200000)
 PSPermGen       total 207872K, used 195324K [0x00000007b0000000, 0x00000007bcb00000, 0x00000007c0000000)
  object space 207872K, 93% used [0x00000007b0000000,0x00000007bbebf2f8,0x00000007bcb00000)
}
Event: 2682.407 GC heap before
{Heap before GC invocations=40 (full 8):
 PSYoungGen      total 291840K, used 291817K [0x00000007eaa80000, 0x0000000800000000, 0x0000000800000000)
  eden space 233984K, 100% used [0x00000007eaa80000,0x00000007f8f00000,0x00000007f8f00000)
  from space 57856K, 99% used [0x00000007f8f00000,0x00000007fc77a5a0,0x00000007fc780000)
  to   space 57856K, 0% used [0x00000007fc780000,0x00000007fc780000,0x0000000800000000)
 ParOldGen       total 264192K, used 86452K [0x00000007c0000000, 0x00000007d0200000, 0x00000007eaa80000)
  object space 264192K, 32% used [0x00000007c0000000,0x00000007c546d3a8,0x00000007d0200000)
 PSPermGen       total 207872K, used 201181K [0x00000007b0000000, 0x00000007bcb00000, 0x00000007c0000000)
  object space 207872K, 96% used [0x00000007b0000000,0x00000007bc477480,0x00000007bcb00000)
Event: 2682.504 GC heap after
Heap after GC invocations=40 (full 8):
 PSYoungGen      total 249856K, used 57841K [0x00000007eaa80000, 0x0000000800000000, 0x0000000800000000)
  eden space 192000K, 0% used [0x00000007eaa80000,0x00000007eaa80000,0x00000007f6600000)
  from space 57856K, 99% used [0x00000007fc780000,0x00000007ffffc4b8,0x0000000800000000)
  to   space 78848K, 0% used [0x00000007f6600000,0x00000007f6600000,0x00000007fb300000)
 ParOldGen       total 264192K, used 108850K [0x00000007c0000000, 0x00000007d0200000, 0x00000007eaa80000)
  object space 264192K, 41% used [0x00000007c0000000,0x00000007c6a4c8e0,0x00000007d0200000)
 PSPermGen       total 207872K, used 201181K [0x00000007b0000000, 0x00000007bcb00000, 0x00000007c0000000)
  object space 207872K, 96% used [0x00000007b0000000,0x00000007bc477480,0x00000007bcb00000)
}
Event: 2682.581 GC heap before
{Heap before GC invocations=41 (full 8):
 PSYoungGen      total 249856K, used 64479K [0x00000007eaa80000, 0x0000000800000000, 0x0000000800000000)
  eden space 192000K, 3% used [0x00000007eaa80000,0x00000007eb0fb758,0x00000007f6600000)
  from space 57856K, 99% used [0x00000007fc780000,0x00000007ffffc4b8,0x0000000800000000)
  to   space 78848K, 0% used [0x00000007f6600000,0x00000007f6600000,0x00000007fb300000)
 ParOldGen       total 264192K, used 108850K [0x00000007c0000000, 0x00000007d0200000, 0x00000007eaa80000)
  object space 264192K, 41% used [0x00000007c0000000,0x00000007c6a4c8e0,0x00000007d0200000)
 PSPermGen       total 207872K, used 201224K [0x00000007b0000000, 0x00000007bcb00000, 0x00000007c0000000)
  object space 207872K, 96% used [0x00000007b0000000,0x00000007bc4821c8,0x00000007bcb00000)
Event: 2682.653 GC heap after
Heap after GC invocations=41 (full 8):
 PSYoungGen      total 247808K, used 55729K [0x00000007eaa80000, 0x0000000800000000, 0x0000000800000000)
  eden space 192000K, 0% used [0x00000007eaa80000,0x00000007eaa80000,0x00000007f6600000)
  from space 55808K, 99% used [0x00000007f6600000,0x00000007f9c6c5b8,0x00000007f9c80000)
  to   space 80896K, 0% used [0x00000007fb100000,0x00000007fb100000,0x0000000800000000)
 ParOldGen       total 264192K, used 108850K [0x00000007c0000000, 0x00000007d0200000, 0x00000007eaa80000)
  object space 264192K, 41% used [0x00000007c0000000,0x00000007c6a4c8e0,0x00000007d0200000)
 PSPermGen       total 207872K, used 201224K [0x00000007b0000000, 0x00000007bcb00000, 0x00000007c0000000)
  object space 207872K, 96% used [0x00000007b0000000,0x00000007bc4821c8,0x00000007bcb00000)
}
Event: 2682.653 GC heap before
{Heap before GC invocations=42 (full 9):
 PSYoungGen      total 247808K, used 55729K [0x00000007eaa80000, 0x0000000800000000, 0x0000000800000000)
  eden space 192000K, 0% used [0x00000007eaa80000,0x00000007eaa80000,0x00000007f6600000)
  from space 55808K, 99% used [0x00000007f6600000,0x00000007f9c6c5b8,0x00000007f9c80000)
  to   space 80896K, 0% used [0x00000007fb100000,0x00000007fb100000,0x0000000800000000)
 ParOldGen       total 264192K, used 108850K [0x00000007c0000000, 0x00000007d0200000, 0x00000007eaa80000)
  object space 264192K, 41% used [0x00000007c0000000,0x00000007c6a4c8e0,0x00000007d0200000)
 PSPermGen       total 207872K, used 201224K [0x00000007b0000000, 0x00000007bcb00000, 0x00000007c0000000)
  object space 207872K, 96% used [0x00000007b0000000,0x00000007bc4821c8,0x00000007bcb00000)
Event: 2684.278 GC heap after
Heap after GC invocations=42 (full 9):
 PSYoungGen      total 247808K, used 0K [0x00000007eaa80000, 0x0000000800000000, 0x0000000800000000)
  eden space 192000K, 0% used [0x00000007eaa80000,0x00000007eaa80000,0x00000007f6600000)
  from space 55808K, 0% used [0x00000007f6600000,0x00000007f6600000,0x00000007f9c80000)
  to   space 80896K, 0% used [0x00000007fb100000,0x00000007fb100000,0x0000000800000000)
 ParOldGen       total 264192K, used 148881K [0x00000007c0000000, 0x00000007d0200000, 0x00000007eaa80000)
  object space 264192K, 56% used [0x00000007c0000000,0x00000007c9164708,0x00000007d0200000)
 PSPermGen       total 245248K, used 201208K [0x00000007b0000000, 0x00000007bef80000, 0x00000007c0000000)
  object space 245248K, 82% used [0x00000007b0000000,0x00000007bc47e108,0x00000007bef80000)
}

